[15:39:40][Warning] QCssParser::parseColorValue: Specified color with alpha value but no alpha given: 'rgba 80,80,80'
[15:39:40][Info] "cmd_params.yaml已找到！准备解析yaml..."
[15:39:40][Info] "HPM_SDK_BASE: D:/work/sdk_env_v1.11.0/hpm_sdk"
[15:39:40][Info] "更新并检测 HPM_SDK 目录： D:/work/sdk_env_v1.11.0/hpm_sdk"
[15:39:40][Info] "D:/work/sdk_env_v1.11.0/hpm_sdk/boards"
[15:39:40][Info] "D:/work/sdk_env_v1.11.0/hpm_sdk/boards/extension"
[15:39:40][Info] "D:/work/sdk_env_v1.11.0/hpm_sdk/boards/hpm5300evk"
[15:39:40][Info] "D:/work/sdk_env_v1.11.0/hpm_sdk/boards/hpm5301evklite"
[15:39:40][Info] "D:/work/sdk_env_v1.11.0/hpm_sdk/boards/hpm5e00evk"
[15:39:40][Info] "D:/work/sdk_env_v1.11.0/hpm_sdk/boards/hpm6200evk"
[15:39:40][Info] "D:/work/sdk_env_v1.11.0/hpm_sdk/boards/hpm6300evk"
[15:39:40][Info] "D:/work/sdk_env_v1.11.0/hpm_sdk/boards/hpm6750evk2"
[15:39:40][Info] "D:/work/sdk_env_v1.11.0/hpm_sdk/boards/hpm6750evkmini"
[15:39:40][Info] "D:/work/sdk_env_v1.11.0/hpm_sdk/boards/hpm6800evk"
[15:39:40][Info] "D:/work/sdk_env_v1.11.0/hpm_sdk/boards/hpm6e00evk"
[15:39:40][Info] "D:/work/sdk_env_v1.11.0/hpm_sdk/boards/hpm6p00evk"
[15:39:40][Info] "D:/work/sdk_env_v1.11.0/hpm_sdk/boards/openocd"
[15:39:40][Info] "当前SoC： HPM6E80"
[15:39:40][Info] "board feature: [board_sdram, board_puart_pin, board_qei, board_sei, board_eeprom_i2c, board_audio_in, board_enet_pps_output_pin, board_gpt_pin, board_tsw_phy, board_motor_control, board_audio_codec, board_enet_pps_input_pin, board_usb_otg, board_pwm_rgb_led, board_mtg, board_wkup_pin, board_audio_out, board_enet_phy]"
[15:39:40][Info] "board excluded samples: []"
[15:39:40][Info] "on-board-ram: sdram"
[15:39:40][Info] "on-board-flash: qspi-nor-flash"
[15:39:41][Info] "总示例被过滤。示例总数为 339"
[15:39:41][Info] "项目IDE路径： D:/work/sdk_env_v1.11.0/hpm_sdk/samples/ethercat/ecat_cia402/hpm6e00evk_flash_xip_debug/segger_embedded_studio/ecat_cia402.emProject"
[15:39:41][Info] "Build type被过滤！Build type总数为 3"
[15:39:41][Info] "GNURISCV_TOOLCHAIN_PATH: D:/work/sdk_env_v1.11.0/toolchains/rv32imac_zicsr_zifencei_multilib_b_ext-win"
[15:39:41][Info] "CMAKE: D:/work/sdk_env_v1.11.0/tools/cmake"
[15:39:41][Info] "NINJA: D:/work/sdk_env_v1.11.0/tools/ninja"
[15:39:41][Info] "OPENOCD: D:/work/sdk_env_v1.11.0/tools/openocd"
[15:39:41][Info] "PYTHON3: D:/work/sdk_env_v1.11.0/tools/python3"
[15:39:41][Info] "Yaml文件解析完成！"
[15:39:41][Info] "Current SoC: HPM6E80"
[15:39:41][Info] "board feature: [board_sdram, board_puart_pin, board_qei, board_sei, board_eeprom_i2c, board_audio_in, board_enet_pps_output_pin, board_gpt_pin, board_tsw_phy, board_motor_control, board_audio_codec, board_enet_pps_input_pin, board_usb_otg, board_pwm_rgb_led, board_mtg, board_wkup_pin, board_audio_out, board_enet_phy]"
[15:39:41][Info] "board excluded samples: []"
[15:39:41][Info] "on-board-ram: sdram"
[15:39:41][Info] "on-board-flash: qspi-nor-flash"
[15:39:41][Info] "Samples have been filtered. The sum of sample is 339"
[15:39:41][Info] "Build type is filted! The sum of build type is 3"
[15:39:41][Info] "Yaml file parse finished!"
[15:39:41][Info] "************************* Run Preset Script Start! *************************"
[15:39:41][Info] "SDK_ENV D:\\work\\sdk_env_v1.11.0\r\nHPM_SDK_BASE D:\\work\\sdk_env_v1.11.0\\hpm_sdk\r\n"
[15:39:41][Info] "+-+-+-+-+-+-+-+-+-+-+-+-+-+-+-+\r\n|     HPMicro SDK Env Tool    |\r\n"
[15:39:41][Info] "+-+-+-+-+-+-+-+-+-+-+-+-+-+-+-+\r\n"
[15:39:41][Info] "\r\n- INFO: Long path support has been enabled\r\n"
[15:39:42][Info] "- INFO: openocd config file has been copied to C:\\Users\\claudia\\AppData\\Roaming from D:\\work\\sdk_env_v1.11.0\\hpm_sdk\\boards\\openocd\r\n"
[15:39:42][Info] "- INFO: openocd config file copied to C:\\Users\\claudia\\AppData\\Roaming from tools\\openocd\\tcl\r\n\r\n"
[15:39:42][Info] "************************* Run Preset Script End! *************************"
[15:40:12][Info] "Build type is filted! The sum of build type is 4"
[15:40:12][Info] "Build DIR: D:/work/sdk_env_v1.11.0/hpm_sdk/samples/motor_ctrl/bldc_foc/hpm6e00evk_flash_xip_debug"
[15:40:12][Info] "*************** OPTIONS ***************"
[15:40:12][Info] "D:/work/sdk_env_v1.11.0/cmd_params.yaml is updated!"
[15:40:12][Info] "SAMPLE: D:/work/sdk_env_v1.11.0/hpm_sdk/samples/motor_ctrl/bldc_foc"
[15:40:12][Info] "Get the newest parameters..."
[15:40:12][Info] "*************** PATH ***************"
[15:40:12][Info] "CMAKE: D:/work/sdk_env_v1.11.0/tools/cmake"
[15:40:12][Info] "GNURISCV_TOOLCHAIN_PATH: D:/work/sdk_env_v1.11.0/toolchains/rv32imac_zicsr_zifencei_multilib_b_ext-win"
[15:40:12][Info] "HPM_SDK_BASE: D:/work/sdk_env_v1.11.0/hpm_sdk"
[15:40:12][Info] "NINJA: D:/work/sdk_env_v1.11.0/tools/ninja"
[15:40:12][Info] "OPENOCD: D:/work/sdk_env_v1.11.0/tools/openocd"
[15:40:12][Info] "PYTHON3: D:/work/sdk_env_v1.11.0/tools/python3"
[15:40:12][Info] "*************** ENVIRONMENT VARIABLES ***************"
[15:40:12][Info] "GNURISCV_TOOLCHAIN_PATH: D:/work/sdk_env_v1.11.0/toolchains/rv32imac_zicsr_zifencei_multilib_b_ext-win"
[15:40:12][Info] "HPM_SDK_BASE: D:/work/sdk_env_v1.11.0/hpm_sdk"
[15:40:12][Info] "HPM_SDK_TOOLCHAIN_VARIANT: gcc"
[15:40:12][Info] "BOARD: hpm6e00evk"
[15:40:12][Info] "D:/work/sdk_env_v1.11.0/cmd_params.yaml is updated!"
[15:40:12][Info] "HPM BUILD TYPE: flash_xip CMAKE BUILD TYPE: debug"
[15:40:12][Info] "BUILD DIR: D:/work/sdk_env_v1.11.0/hpm_sdk/samples/motor_ctrl/bldc_foc/hpm6e00evk_flash_xip_debug"
[15:40:12][Info] "Execute: cmake.exe -GNinja -DBOARD=hpm6e00evk -DHPM_BUILD_TYPE=flash_xip -DCMAKE_BUILD_TYPE=debug -B D:/work/sdk_env_v1.11.0/hpm_sdk/samples/motor_ctrl/bldc_foc/hpm6e00evk_flash_xip_debug D:/work/sdk_env_v1.11.0/hpm_sdk/samples/motor_ctrl/bldc_foc"
[15:40:12][Info] "Reset working directory!"
[15:40:12][Info] "************************* Execute Start! *************************"
[15:40:13][Info] "-- Application: D:/work/sdk_env_v1.11.0/hpm_sdk/samples/motor_ctrl/bldc_foc\n"
[15:40:13][Info] "-- Board: hpm6e00evk from D:/work/sdk_env_v1.11.0/hpm_sdk/boards\n"
[15:40:13][Info] "-- Found toolchain: gnu (D:/work/sdk_env_v1.11.0/toolchains/rv32imac_zicsr_zifencei_multilib_b_ext-win)\n"
[15:40:13][Info] "-- hpm_sdk: 1.11.0 (D:/work/sdk_env_v1.11.0/hpm_sdk)\n"
[15:40:16][Info] "-- The C compiler identification is GNU 13.2.0\n"
[15:40:17][Info] "-- The CXX compiler identification is GNU 13.2.0\n"
[15:40:17][Info] "-- The ASM compiler identification is GNU\n-- Found assembler: D:/work/sdk_env_v1.11.0/toolchains/rv32imac_zicsr_zifencei_multilib_b_ext-win/bin/riscv32-unknown-elf-gcc.exe\n"
[15:40:17][Info] "-- GNU ld linker script: D:/work/sdk_env_v1.11.0/hpm_sdk/soc/HPM6E00/HPM6E80/toolchains/gcc/flash_xip.ld\n"
[15:40:18][Info] "-- IAR linker script: D:/work/sdk_env_v1.11.0/hpm_sdk/soc/HPM6E00/HPM6E80/toolchains/iar/flash_xip.icf\n-- IAR device name: HPM6E80xVMx\n"
[15:40:18][Info] "-- IAR Embedded Workbench Project: D:/work/sdk_env_v1.11.0/hpm_sdk/samples/motor_ctrl/bldc_foc/hpm6e00evk_flash_xip_debug/iar_embedded_workbench\\bldc_foc.ewp\r\n"
[15:40:18][Info] "-- Segger linker script: D:/work/sdk_env_v1.11.0/hpm_sdk/soc/HPM6E00/HPM6E80/toolchains/segger/flash_xip.icf\n"
[15:40:18][Info] "-- Segger device name: HPM6E80xVMx\n"
[15:40:19][Info] "-- Segger openocd board config: $(ProjectDir)/../../../../../boards/openocd/boards/hpm6e00evk.cfg\r\n-- Segger Embedded Studio Project: D:/work/sdk_env_v1.11.0/hpm_sdk/samples/motor_ctrl/bldc_foc/hpm6e00evk_flash_xip_debug/segger_embedded_studio/bldc_foc.emProject\r\n-- Configuring done\n"
[15:40:19][Info] "-- Generating done\n"
[15:40:19][Info] "-- Build files have been written to: D:/work/sdk_env_v1.11.0/hpm_sdk/samples/motor_ctrl/bldc_foc/hpm6e00evk_flash_xip_debug\n"
[15:40:19][Info] "Project IDE Path: D:/work/sdk_env_v1.11.0/hpm_sdk/samples/motor_ctrl/bldc_foc/hpm6e00evk_flash_xip_debug/segger_embedded_studio/bldc_foc.emProject"
[15:40:19][Info] "************************* Execute End! *************************"
[15:40:21][Info] "Open Project: D:/work/sdk_env_v1.11.0/hpm_sdk/samples/motor_ctrl/bldc_foc/hpm6e00evk_flash_xip_debug/segger_embedded_studio/bldc_foc.emProject"
