[17:26:08][Warning] QCssParser::parseColorValue: Specified color with alpha value but no alpha given: 'rgba 80,80,80'
[17:26:08][Info] "cmd_params.yaml綠冷돕！硫구썩驕yaml..."
[17:26:08][Info] "HPM_SDK_BASE: D:/work/sdk_env_v1.11.0/hpm_sdk"
[17:26:08][Info] "뫘劤깻쇱꿎 HPM_SDK 커쩌： D:/work/sdk_env_v1.11.0/hpm_sdk"
[17:26:08][Info] "D:/work/sdk_env_v1.11.0/hpm_sdk/boards"
[17:26:08][Info] "D:/work/sdk_env_v1.11.0/hpm_sdk/boards/extension"
[17:26:08][Info] "D:/work/sdk_env_v1.11.0/hpm_sdk/boards/hpm5300evk"
[17:26:08][Info] "D:/work/sdk_env_v1.11.0/hpm_sdk/boards/hpm5301evklite"
[17:26:08][Info] "D:/work/sdk_env_v1.11.0/hpm_sdk/boards/hpm5e00evk"
[17:26:08][Info] "D:/work/sdk_env_v1.11.0/hpm_sdk/boards/hpm6200evk"
[17:26:08][Info] "D:/work/sdk_env_v1.11.0/hpm_sdk/boards/hpm6300evk"
[17:26:08][Info] "D:/work/sdk_env_v1.11.0/hpm_sdk/boards/hpm6750evk2"
[17:26:08][Info] "D:/work/sdk_env_v1.11.0/hpm_sdk/boards/hpm6750evkmini"
[17:26:08][Info] "D:/work/sdk_env_v1.11.0/hpm_sdk/boards/hpm6800evk"
[17:26:08][Info] "D:/work/sdk_env_v1.11.0/hpm_sdk/boards/hpm6e00evk"
[17:26:08][Info] "D:/work/sdk_env_v1.11.0/hpm_sdk/boards/hpm6p00evk"
[17:26:08][Info] "D:/work/sdk_env_v1.11.0/hpm_sdk/boards/openocd"
[17:26:08][Info] "뎠품SoC： HPM6750"
[17:26:08][Info] "board feature: [board_clk_ref_pin, board_usb_otg, board_sdcard, board_power_button, board_audio_out, board_gpt_pin, board_audio_in_vad, board_motor_control, board_uart_software_rx_idle_pin, board_sdram, board_pwm_rgb_led, board_i2s_pin, board_puart_pin, board_enet_pps_output_pin, board_audio_in, board_gpio_led, board_gpio_key, board_enet_pps_input_pin]"
[17:26:08][Info] "board excluded samples: [samples/trace_recorder/rtthread-nano, samples/motor_ctrl/bldc_hfi]"
[17:26:08][Info] "on-board-ram: sdram"
[17:26:08][Info] "on-board-flash: qspi-nor-flash"
[17:26:08][Info] "법쫀刻절： samples/motor_ctrl/bldc_hfi"
[17:26:08][Info] "법쫀刻절： samples/trace_recorder/rtthread-nano"
[17:26:08][Info] "悧刻절굳법쫀。刻절悧鑒槨 273"
[17:26:08][Info] "Build type굳법쫀！Build type悧鑒槨 6"
[17:26:08][Info] "GNURISCV_TOOLCHAIN_PATH: D:/work/sdk_env_v1.11.0/toolchains/rv32imac_zicsr_zifencei_multilib_b_ext-win"
[17:26:08][Info] "CMAKE: D:/work/sdk_env_v1.11.0/tools/cmake"
[17:26:08][Info] "NINJA: D:/work/sdk_env_v1.11.0/tools/ninja"
[17:26:08][Info] "OPENOCD: D:/work/sdk_env_v1.11.0/tools/openocd"
[17:26:08][Info] "PYTHON3: D:/work/sdk_env_v1.11.0/tools/python3"
[17:26:08][Info] "Yaml匡숭썩驕供냥！"
[17:26:08][Info] "Current SoC: HPM6750"
[17:26:08][Info] "board feature: [board_clk_ref_pin, board_usb_otg, board_sdcard, board_power_button, board_audio_out, board_gpt_pin, board_audio_in_vad, board_motor_control, board_uart_software_rx_idle_pin, board_sdram, board_pwm_rgb_led, board_i2s_pin, board_puart_pin, board_enet_pps_output_pin, board_audio_in, board_gpio_led, board_gpio_key, board_enet_pps_input_pin]"
[17:26:08][Info] "board excluded samples: [samples/trace_recorder/rtthread-nano, samples/motor_ctrl/bldc_hfi]"
[17:26:08][Info] "on-board-ram: sdram"
[17:26:08][Info] "on-board-flash: qspi-nor-flash"
[17:26:08][Info] "filter sample: samples/motor_ctrl/bldc_hfi"
[17:26:08][Info] "filter sample: samples/trace_recorder/rtthread-nano"
[17:26:08][Info] "Samples have been filtered. The sum of sample is 273"
[17:26:08][Info] "Build type is filted! The sum of build type is 6"
[17:26:08][Info] "Yaml file parse finished!"
[17:26:09][Info] "************************* Run Preset Script Start! *************************"
[17:26:09][Info] "SDK_ENV D:\\work\\sdk_env_v1.11.0\r\nHPM_SDK_BASE D:\\work\\sdk_env_v1.11.0\\hpm_sdk\r\n+-+-+-+-+-+-+-+-+-+-+-+-+-+-+-+\r\n|     HPMicro SDK Env Tool    |\r\n+-+-+-+-+-+-+-+-+-+-+-+-+-+-+-+\r\n\r\n- INFO: Long path support has been enabled\r\n- INFO: openocd config file has been copied to C:\\Users\\claudia\\AppData\\Roaming from D:\\work\\sdk_env_v1.11.0\\hpm_sdk\\boards\\openocd\r\n- INFO: openocd config file copied to C:\\Users\\claudia\\AppData\\Roaming from tools\\openocd\\tcl\r\n\r\n"
[17:26:09][Info] ""
[17:26:09][Info] ""
[17:26:09][Info] ""
[17:26:09][Info] ""
[17:26:09][Info] "************************* Run Preset Script End! *************************"
[17:26:36][Info] "Current SoC: HPM6E80"
[17:26:36][Info] "board feature: [board_enet_phy, board_usb_otg, board_audio_out, board_gpt_pin, board_motor_control, board_wkup_pin, board_sdram, board_pwm_rgb_led, board_puart_pin, board_mtg, board_audio_codec, board_enet_pps_output_pin, board_eeprom_i2c, board_sei, board_audio_in, board_qei, board_tsw_phy, board_enet_pps_input_pin]"
[17:26:36][Info] "board excluded samples: []"
[17:26:36][Info] "on-board-ram: sdram"
[17:26:36][Info] "on-board-flash: qspi-nor-flash"
[17:26:36][Info] "Samples have been filtered. The sum of sample is 339"
[17:26:36][Info] "Build type is filted! The sum of build type is 6"
[17:26:41][Info] "Build type is filted! The sum of build type is 3"
[17:26:44][Info] "Build DIR: D:/work/sdk_env_v1.11.0/hpm_sdk/samples/ethercat/ecat_cia402/hpm6e00evk_flash_xip_debug"
[17:26:44][Info] "*************** OPTIONS ***************"
[17:26:44][Info] "D:/work/sdk_env_v1.11.0/cmd_params.yaml is updated!"
[17:26:44][Info] "SAMPLE: D:/work/sdk_env_v1.11.0/hpm_sdk/samples/ethercat/ecat_cia402"
[17:26:44][Info] "Get the newest parameters..."
[17:26:44][Info] "*************** PATH ***************"
[17:26:44][Info] "CMAKE: D:/work/sdk_env_v1.11.0/tools/cmake"
[17:26:44][Info] "GNURISCV_TOOLCHAIN_PATH: D:/work/sdk_env_v1.11.0/toolchains/rv32imac_zicsr_zifencei_multilib_b_ext-win"
[17:26:44][Info] "HPM_SDK_BASE: D:/work/sdk_env_v1.11.0/hpm_sdk"
[17:26:44][Info] "NINJA: D:/work/sdk_env_v1.11.0/tools/ninja"
[17:26:44][Info] "OPENOCD: D:/work/sdk_env_v1.11.0/tools/openocd"
[17:26:44][Info] "PYTHON3: D:/work/sdk_env_v1.11.0/tools/python3"
[17:26:44][Info] "*************** ENVIRONMENT VARIABLES ***************"
[17:26:44][Info] "GNURISCV_TOOLCHAIN_PATH: D:/work/sdk_env_v1.11.0/toolchains/rv32imac_zicsr_zifencei_multilib_b_ext-win"
[17:26:44][Info] "HPM_SDK_BASE: D:/work/sdk_env_v1.11.0/hpm_sdk"
[17:26:44][Info] "HPM_SDK_TOOLCHAIN_VARIANT: gcc"
[17:26:44][Info] "BOARD: hpm6e00evk"
[17:26:44][Info] "D:/work/sdk_env_v1.11.0/cmd_params.yaml is updated!"
[17:26:44][Info] "HPM BUILD TYPE: flash_xip CMAKE BUILD TYPE: debug"
[17:26:44][Info] "BUILD DIR: D:/work/sdk_env_v1.11.0/hpm_sdk/samples/ethercat/ecat_cia402/hpm6e00evk_flash_xip_debug"
[17:26:44][Info] "Execute: cmake.exe -GNinja -DBOARD=hpm6e00evk -DHPM_BUILD_TYPE=flash_xip -DCMAKE_BUILD_TYPE=debug -B D:/work/sdk_env_v1.11.0/hpm_sdk/samples/ethercat/ecat_cia402/hpm6e00evk_flash_xip_debug D:/work/sdk_env_v1.11.0/hpm_sdk/samples/ethercat/ecat_cia402"
[17:26:44][Info] "Reset working directory!"
[17:26:44][Info] "************************* Execute Start! *************************"
[17:26:44][Info] "-- Application: D:/work/sdk_env_v1.11.0/hpm_sdk/samples/ethercat/ecat_cia402\n-- Board: hpm6e00evk from D:/work/sdk_env_v1.11.0/hpm_sdk/boards\n"
[17:26:45][Info] "-- Found toolchain: gnu (D:/work/sdk_env_v1.11.0/toolchains/rv32imac_zicsr_zifencei_multilib_b_ext-win)\n"
[17:26:45][Info] "-- hpm_sdk: 1.11.0 (D:/work/sdk_env_v1.11.0/hpm_sdk)\n"
[17:26:47][Info] "-- The C compiler identification is GNU 13.2.0\n"
[17:26:49][Info] "-- The CXX compiler identification is GNU 13.2.0\n"
[17:26:49][Info] "-- The ASM compiler identification is GNU\n"
[17:26:49][Info] "-- Found assembler: D:/work/sdk_env_v1.11.0/toolchains/rv32imac_zicsr_zifencei_multilib_b_ext-win/bin/riscv32-unknown-elf-gcc.exe\n"
[17:26:49][Info] "-- GNU ld linker script: D:/work/sdk_env_v1.11.0/hpm_sdk/soc/HPM6E00/HPM6E80/toolchains/gcc/flash_xip.ld\n"
[17:26:49][Info] "-- IAR linker script: D:/work/sdk_env_v1.11.0/hpm_sdk/soc/HPM6E00/HPM6E80/toolchains/iar/flash_xip.icf\n-- IAR device name: HPM6E80xVMx\n"
[17:26:50][Info] "-- IAR Embedded Workbench Project: D:/work/sdk_env_v1.11.0/hpm_sdk/samples/ethercat/ecat_cia402/hpm6e00evk_flash_xip_debug/iar_embedded_workbench\\ecat_cia402.ewp\r\n"
[17:26:50][Info] "-- Segger linker script: D:/work/sdk_env_v1.11.0/hpm_sdk/soc/HPM6E00/HPM6E80/toolchains/segger/flash_xip.icf\n-- Segger device name: HPM6E80xVMx\n"
[17:26:50][Info] "-- Segger openocd board config: $(ProjectDir)/../../../../../boards/openocd/boards/hpm6e00evk.cfg\r\n-- Segger Embedded Studio Project: D:/work/sdk_env_v1.11.0/hpm_sdk/samples/ethercat/ecat_cia402/hpm6e00evk_flash_xip_debug/segger_embedded_studio/ecat_cia402.emProject\r\n-- Configuring done\n"
[17:26:50][Critical] "CMake Error at D:/work/sdk_env_v1.11.0/hpm_sdk/CMakeLists.txt:9 (add_library):\n  Cannot find source file:\n\n    D:/work/sdk_env_v1.11.0/hpm_sdk/samples/ethercat/ecat_cia402/SSC/Src/cia402appl.c\n\n  Tried extensions .c .C .c++ .cc .cpp .cxx .cu .mpp .m .M .mm .ixx .cppm .h\n  .hh .h++ .hm .hpp .hxx .in .txx .f .F .for .f77 .f90 .f95 .f03 .hip .ispc\n\n\n"
[17:26:51][Info] "-- Generating done\n"
[17:26:51][Critical] "CMake Generate step failed.  Build files cannot be regenerated correctly.\n"
[17:26:51][Info] "Project IDE Path: D:/work/sdk_env_v1.11.0/hpm_sdk/samples/ethercat/ecat_cia402/hpm6e00evk_flash_xip_debug/segger_embedded_studio/ecat_cia402.emProject"
[17:26:51][Info] "************************* Execute End! *************************"
[17:26:56][Info] "Open Build Directory: D:/work/sdk_env_v1.11.0/hpm_sdk/samples/ethercat/ecat_cia402/hpm6e00evk_flash_xip_debug"
[17:28:13][Info] "Build DIR: D:/work/sdk_env_v1.11.0/hpm_sdk/samples/ethercat/ecat_cia402/hpm6e00evk_flash_xip_debug"
[17:28:13][Info] "*************** OPTIONS ***************"
[17:28:13][Info] "D:/work/sdk_env_v1.11.0/cmd_params.yaml is updated!"
[17:28:13][Info] "SAMPLE: D:/work/sdk_env_v1.11.0/hpm_sdk/samples/ethercat/ecat_cia402"
[17:28:13][Info] "Get the newest parameters..."
[17:28:13][Info] "*************** PATH ***************"
[17:28:13][Info] "CMAKE: D:/work/sdk_env_v1.11.0/tools/cmake"
[17:28:13][Info] "GNURISCV_TOOLCHAIN_PATH: D:/work/sdk_env_v1.11.0/toolchains/rv32imac_zicsr_zifencei_multilib_b_ext-win"
[17:28:13][Info] "HPM_SDK_BASE: D:/work/sdk_env_v1.11.0/hpm_sdk"
[17:28:13][Info] "NINJA: D:/work/sdk_env_v1.11.0/tools/ninja"
[17:28:13][Info] "OPENOCD: D:/work/sdk_env_v1.11.0/tools/openocd"
[17:28:13][Info] "PYTHON3: D:/work/sdk_env_v1.11.0/tools/python3"
[17:28:13][Info] "*************** ENVIRONMENT VARIABLES ***************"
[17:28:13][Info] "GNURISCV_TOOLCHAIN_PATH: D:/work/sdk_env_v1.11.0/toolchains/rv32imac_zicsr_zifencei_multilib_b_ext-win"
[17:28:13][Info] "HPM_SDK_BASE: D:/work/sdk_env_v1.11.0/hpm_sdk"
[17:28:13][Info] "HPM_SDK_TOOLCHAIN_VARIANT: gcc"
[17:28:13][Info] "BOARD: hpm6e00evk"
[17:28:13][Info] "D:/work/sdk_env_v1.11.0/cmd_params.yaml is updated!"
[17:28:13][Info] "HPM BUILD TYPE: flash_xip CMAKE BUILD TYPE: debug"
[17:28:13][Info] "BUILD DIR: D:/work/sdk_env_v1.11.0/hpm_sdk/samples/ethercat/ecat_cia402/hpm6e00evk_flash_xip_debug"
[17:28:13][Info] "Execute: cmake.exe -GNinja -DBOARD=hpm6e00evk -DHPM_BUILD_TYPE=flash_xip -DCMAKE_BUILD_TYPE=debug -B D:/work/sdk_env_v1.11.0/hpm_sdk/samples/ethercat/ecat_cia402/hpm6e00evk_flash_xip_debug D:/work/sdk_env_v1.11.0/hpm_sdk/samples/ethercat/ecat_cia402"
[17:28:13][Info] "Reset working directory!"
[17:28:13][Info] "************************* Execute Start! *************************"
[17:28:13][Info] "-- Application: D:/work/sdk_env_v1.11.0/hpm_sdk/samples/ethercat/ecat_cia402\n-- Board: hpm6e00evk from D:/work/sdk_env_v1.11.0/hpm_sdk/boards\n"
[17:28:14][Info] "-- Found toolchain: gnu (D:/work/sdk_env_v1.11.0/toolchains/rv32imac_zicsr_zifencei_multilib_b_ext-win)\n"
[17:28:14][Info] "-- hpm_sdk: 1.11.0 (D:/work/sdk_env_v1.11.0/hpm_sdk)\n"
[17:28:15][Info] "-- The C compiler identification is GNU 13.2.0\n"
[17:28:15][Info] "-- The CXX compiler identification is GNU 13.2.0\n"
[17:28:15][Info] "-- The ASM compiler identification is GNU\n-- Found assembler: D:/work/sdk_env_v1.11.0/toolchains/rv32imac_zicsr_zifencei_multilib_b_ext-win/bin/riscv32-unknown-elf-gcc.exe\n"
[17:28:15][Info] "-- GNU ld linker script: D:/work/sdk_env_v1.11.0/hpm_sdk/soc/HPM6E00/HPM6E80/toolchains/gcc/flash_xip.ld\n"
[17:28:15][Info] "-- IAR linker script: D:/work/sdk_env_v1.11.0/hpm_sdk/soc/HPM6E00/HPM6E80/toolchains/iar/flash_xip.icf\n-- IAR device name: HPM6E80xVMx\n"
[17:28:16][Info] "-- IAR Embedded Workbench Project: D:/work/sdk_env_v1.11.0/hpm_sdk/samples/ethercat/ecat_cia402/hpm6e00evk_flash_xip_debug/iar_embedded_workbench\\ecat_cia402.ewp\r\n"
[17:28:16][Info] "-- Segger linker script: D:/work/sdk_env_v1.11.0/hpm_sdk/soc/HPM6E00/HPM6E80/toolchains/segger/flash_xip.icf\n-- Segger device name: HPM6E80xVMx\n"
[17:28:16][Info] "-- Segger openocd board config: $(ProjectDir)/../../../../../boards/openocd/boards/hpm6e00evk.cfg\r\n-- Segger Embedded Studio Project: D:/work/sdk_env_v1.11.0/hpm_sdk/samples/ethercat/ecat_cia402/hpm6e00evk_flash_xip_debug/segger_embedded_studio/ecat_cia402.emProject\r\n-- Configuring done\n"
[17:28:16][Critical] "CMake Error at D:/work/sdk_env_v1.11.0/hpm_sdk/CMakeLists.txt:9 (add_library):\n  Cannot find source file:\n\n    D:/work/sdk_env_v1.11.0/hpm_sdk/samples/ethercat/ecat_cia402/SSC/Src/cia402appl.c\n\n  Tried extensions .c .C .c++ .cc .cpp .cxx .cu .mpp .m .M .mm .ixx .cppm .h\n  .hh .h++ .hm .hpp .hxx .in .txx .f .F .for .f77 .f90 .f95 .f03 .hip .ispc\n\n\n"
[17:28:17][Info] "-- Generating done\n"
[17:28:17][Critical] "CMake Generate step failed.  Build files cannot be regenerated correctly.\n"
[17:28:17][Info] "Project IDE Path: D:/work/sdk_env_v1.11.0/hpm_sdk/samples/ethercat/ecat_cia402/hpm6e00evk_flash_xip_debug/segger_embedded_studio/ecat_cia402.emProject"
[17:28:17][Info] "************************* Execute End! *************************"
[17:32:46][Warning] QCssParser::parseColorValue: Specified color with alpha value but no alpha given: 'rgba 80,80,80'
[17:32:47][Info] "cmd_params.yaml綠冷돕！硫구썩驕yaml..."
[17:32:47][Info] "HPM_SDK_BASE: D:/work/sdk_env_v1.11.0/hpm_sdk"
[17:32:47][Info] "뫘劤깻쇱꿎 HPM_SDK 커쩌： D:/work/sdk_env_v1.11.0/hpm_sdk"
[17:32:47][Info] "D:/work/sdk_env_v1.11.0/hpm_sdk/boards"
[17:32:47][Info] "D:/work/sdk_env_v1.11.0/hpm_sdk/boards/extension"
[17:32:47][Info] "D:/work/sdk_env_v1.11.0/hpm_sdk/boards/hpm5300evk"
[17:32:47][Info] "D:/work/sdk_env_v1.11.0/hpm_sdk/boards/hpm5301evklite"
[17:32:47][Info] "D:/work/sdk_env_v1.11.0/hpm_sdk/boards/hpm5e00evk"
[17:32:47][Info] "D:/work/sdk_env_v1.11.0/hpm_sdk/boards/hpm6200evk"
[17:32:47][Info] "D:/work/sdk_env_v1.11.0/hpm_sdk/boards/hpm6300evk"
[17:32:47][Info] "D:/work/sdk_env_v1.11.0/hpm_sdk/boards/hpm6750evk2"
[17:32:47][Info] "D:/work/sdk_env_v1.11.0/hpm_sdk/boards/hpm6750evkmini"
[17:32:47][Info] "D:/work/sdk_env_v1.11.0/hpm_sdk/boards/hpm6800evk"
[17:32:47][Info] "D:/work/sdk_env_v1.11.0/hpm_sdk/boards/hpm6e00evk"
[17:32:47][Info] "D:/work/sdk_env_v1.11.0/hpm_sdk/boards/hpm6p00evk"
[17:32:47][Info] "D:/work/sdk_env_v1.11.0/hpm_sdk/boards/openocd"
[17:32:47][Info] "뎠품SoC： HPM6E80"
[17:32:47][Info] "board feature: [board_tsw_phy, board_sdram, board_gpt_pin, board_audio_in, board_usb_otg, board_mtg, board_motor_control, board_eeprom_i2c, board_audio_out, board_audio_codec, board_pwm_rgb_led, board_enet_pps_output_pin, board_wkup_pin, board_enet_phy, board_sei, board_puart_pin, board_enet_pps_input_pin, board_qei]"
[17:32:47][Info] "board excluded samples: []"
[17:32:47][Info] "on-board-ram: sdram"
[17:32:47][Info] "on-board-flash: qspi-nor-flash"
[17:32:47][Info] "悧刻절굳법쫀。刻절悧鑒槨 339"
[17:32:47][Info] "淃커IDE쨌쓺： D:/work/sdk_env_v1.11.0/hpm_sdk/samples/ethercat/ecat_cia402/hpm6e00evk_flash_xip_debug/segger_embedded_studio/ecat_cia402.emProject"
[17:32:47][Info] "Build type굳법쫀！Build type悧鑒槨 3"
[17:32:47][Info] "GNURISCV_TOOLCHAIN_PATH: D:/work/sdk_env_v1.11.0/toolchains/rv32imac_zicsr_zifencei_multilib_b_ext-win"
[17:32:47][Info] "CMAKE: D:/work/sdk_env_v1.11.0/tools/cmake"
[17:32:47][Info] "NINJA: D:/work/sdk_env_v1.11.0/tools/ninja"
[17:32:47][Info] "OPENOCD: D:/work/sdk_env_v1.11.0/tools/openocd"
[17:32:47][Info] "PYTHON3: D:/work/sdk_env_v1.11.0/tools/python3"
[17:32:47][Info] "Yaml匡숭썩驕供냥！"
[17:32:47][Info] "Current SoC: HPM6E80"
[17:32:47][Info] "board feature: [board_tsw_phy, board_sdram, board_gpt_pin, board_audio_in, board_usb_otg, board_mtg, board_motor_control, board_eeprom_i2c, board_audio_out, board_audio_codec, board_pwm_rgb_led, board_enet_pps_output_pin, board_wkup_pin, board_enet_phy, board_sei, board_puart_pin, board_enet_pps_input_pin, board_qei]"
[17:32:47][Info] "board excluded samples: []"
[17:32:47][Info] "on-board-ram: sdram"
[17:32:47][Info] "on-board-flash: qspi-nor-flash"
[17:32:47][Info] "Samples have been filtered. The sum of sample is 339"
[17:32:47][Info] "Build type is filted! The sum of build type is 3"
[17:32:47][Info] "Yaml file parse finished!"
[17:32:48][Info] "************************* Run Preset Script Start! *************************"
[17:32:48][Info] "SDK_ENV D:\\work\\sdk_env_v1.11.0\r\nHPM_SDK_BASE D:\\work\\sdk_env_v1.11.0\\hpm_sdk\r\n+-+-+-+-+-+-+-+-+-+-+-+-+-+-+-+\r\n|     HPMicro SDK Env Tool    |\r\n+-+-+-+-+-+-+-+-+-+-+-+-+-+-+-+\r\n\r\n- INFO: Long path support has been enabled\r\n- INFO: openocd config file has been copied to C:\\Users\\claudia\\AppData\\Roaming from D:\\work\\sdk_env_v1.11.0\\hpm_sdk\\boards\\openocd\r\n- INFO: openocd config file copied to C:\\Users\\claudia\\AppData\\Roaming from tools\\openocd\\tcl\r\n\r\n"
[17:32:48][Info] ""
[17:32:48][Info] ""
[17:32:48][Info] ""
[17:32:48][Info] ""
[17:32:48][Info] "************************* Run Preset Script End! *************************"
[17:32:52][Info] "Open Build Directory: D:/work/sdk_env_v1.11.0/hpm_sdk/samples/ethercat/ecat_cia402/hpm6e00evk_flash_xip_debug"
[17:35:50][Info] "Open Build Directory: D:/work/sdk_env_v1.11.0/hpm_sdk/samples/ethercat/ecat_cia402/hpm6e00evk_flash_xip_debug"
[17:36:39][Info] "Build DIR: D:/work/sdk_env_v1.11.0/hpm_sdk/samples/ethercat/ecat_cia402/hpm6e00evk_flash_xip_debug"
[17:36:39][Info] "*************** OPTIONS ***************"
[17:36:39][Info] "D:/work/sdk_env_v1.11.0/cmd_params.yaml is updated!"
[17:36:39][Info] "SAMPLE: D:/work/sdk_env_v1.11.0/hpm_sdk/samples/ethercat/ecat_cia402"
[17:36:39][Info] "Get the newest parameters..."
[17:36:39][Info] "*************** PATH ***************"
[17:36:39][Info] "CMAKE: D:/work/sdk_env_v1.11.0/tools/cmake"
[17:36:39][Info] "GNURISCV_TOOLCHAIN_PATH: D:/work/sdk_env_v1.11.0/toolchains/rv32imac_zicsr_zifencei_multilib_b_ext-win"
[17:36:39][Info] "HPM_SDK_BASE: D:/work/sdk_env_v1.11.0/hpm_sdk"
[17:36:39][Info] "NINJA: D:/work/sdk_env_v1.11.0/tools/ninja"
[17:36:39][Info] "OPENOCD: D:/work/sdk_env_v1.11.0/tools/openocd"
[17:36:39][Info] "PYTHON3: D:/work/sdk_env_v1.11.0/tools/python3"
[17:36:39][Info] "*************** ENVIRONMENT VARIABLES ***************"
[17:36:39][Info] "GNURISCV_TOOLCHAIN_PATH: D:/work/sdk_env_v1.11.0/toolchains/rv32imac_zicsr_zifencei_multilib_b_ext-win"
[17:36:39][Info] "HPM_SDK_BASE: D:/work/sdk_env_v1.11.0/hpm_sdk"
[17:36:39][Info] "HPM_SDK_TOOLCHAIN_VARIANT: gcc"
[17:36:39][Info] "BOARD: hpm6e00evk"
[17:36:39][Info] "D:/work/sdk_env_v1.11.0/cmd_params.yaml is updated!"
[17:36:39][Info] "HPM BUILD TYPE: flash_xip CMAKE BUILD TYPE: debug"
[17:36:39][Info] "BUILD DIR: D:/work/sdk_env_v1.11.0/hpm_sdk/samples/ethercat/ecat_cia402/hpm6e00evk_flash_xip_debug"
[17:36:39][Info] "Execute: cmake.exe -GNinja -DBOARD=hpm6e00evk -DHPM_BUILD_TYPE=flash_xip -DCMAKE_BUILD_TYPE=debug -B D:/work/sdk_env_v1.11.0/hpm_sdk/samples/ethercat/ecat_cia402/hpm6e00evk_flash_xip_debug D:/work/sdk_env_v1.11.0/hpm_sdk/samples/ethercat/ecat_cia402"
[17:36:39][Info] "Reset working directory!"
[17:36:39][Info] "************************* Execute Start! *************************"
[17:36:39][Info] "-- Application: D:/work/sdk_env_v1.11.0/hpm_sdk/samples/ethercat/ecat_cia402\n-- Board: hpm6e00evk from D:/work/sdk_env_v1.11.0/hpm_sdk/boards\n"
[17:36:39][Info] "-- Found toolchain: gnu (D:/work/sdk_env_v1.11.0/toolchains/rv32imac_zicsr_zifencei_multilib_b_ext-win)\n"
[17:36:40][Info] "-- hpm_sdk: 1.11.0 (D:/work/sdk_env_v1.11.0/hpm_sdk)\n"
[17:36:40][Info] "-- The C compiler identification is GNU 13.2.0\n"
[17:36:41][Info] "-- The CXX compiler identification is GNU 13.2.0\n"
[17:36:41][Info] "-- The ASM compiler identification is GNU\n"
[17:36:41][Info] "-- Found assembler: D:/work/sdk_env_v1.11.0/toolchains/rv32imac_zicsr_zifencei_multilib_b_ext-win/bin/riscv32-unknown-elf-gcc.exe\n"
[17:36:41][Info] "-- GNU ld linker script: D:/work/sdk_env_v1.11.0/hpm_sdk/soc/HPM6E00/HPM6E80/toolchains/gcc/flash_xip.ld\n"
[17:36:41][Info] "-- IAR linker script: D:/work/sdk_env_v1.11.0/hpm_sdk/soc/HPM6E00/HPM6E80/toolchains/iar/flash_xip.icf\n"
[17:36:41][Info] "-- IAR device name: HPM6E80xVMx\n"
[17:36:41][Info] "-- IAR Embedded Workbench Project: D:/work/sdk_env_v1.11.0/hpm_sdk/samples/ethercat/ecat_cia402/hpm6e00evk_flash_xip_debug/iar_embedded_workbench\\ecat_cia402.ewp\r\n"
[17:36:42][Info] "-- Segger linker script: D:/work/sdk_env_v1.11.0/hpm_sdk/soc/HPM6E00/HPM6E80/toolchains/segger/flash_xip.icf\n-- Segger device name: HPM6E80xVMx\n"
[17:36:42][Info] "-- Segger openocd board config: $(ProjectDir)/../../../../../boards/openocd/boards/hpm6e00evk.cfg\r\n-- Segger Embedded Studio Project: D:/work/sdk_env_v1.11.0/hpm_sdk/samples/ethercat/ecat_cia402/hpm6e00evk_flash_xip_debug/segger_embedded_studio/ecat_cia402.emProject\r\n-- Configuring done\n"
[17:36:42][Critical] "CMake Error at D:/work/sdk_env_v1.11.0/hpm_sdk/CMakeLists.txt:9 (add_library):\n  Cannot find source file:\n\n    D:/work/sdk_env_v1.11.0/hpm_sdk/samples/ethercat/ecat_cia402/SSC/Src/cia402appl.c\n\n  Tried extensions .c .C .c++ .cc .cpp .cxx .cu .mpp .m .M .mm .ixx .cppm .h\n  .hh .h++ .hm .hpp .hxx .in .txx .f .F .for .f77 .f90 .f95 .f03 .hip .ispc\n\n\n"
[17:36:42][Info] "-- Generating done\n"
[17:36:42][Critical] "CMake Generate step failed.  Build files cannot be regenerated correctly.\n"
[17:36:42][Info] "Project IDE Path: D:/work/sdk_env_v1.11.0/hpm_sdk/samples/ethercat/ecat_cia402/hpm6e00evk_flash_xip_debug/segger_embedded_studio/ecat_cia402.emProject"
[17:36:42][Info] "************************* Execute End! *************************"
[17:44:52][Info] "Build DIR: D:/work/sdk_env_v1.11.0/hpm_sdk/samples/ethercat/ecat_cia402/hpm6e00evk_flash_xip_debug"
[17:44:52][Info] "*************** OPTIONS ***************"
[17:44:52][Info] "D:/work/sdk_env_v1.11.0/cmd_params.yaml is updated!"
[17:44:52][Info] "SAMPLE: D:/work/sdk_env_v1.11.0/hpm_sdk/samples/ethercat/ecat_cia402"
[17:44:52][Info] "Get the newest parameters..."
[17:44:52][Info] "*************** PATH ***************"
[17:44:52][Info] "CMAKE: D:/work/sdk_env_v1.11.0/tools/cmake"
[17:44:52][Info] "GNURISCV_TOOLCHAIN_PATH: D:/work/sdk_env_v1.11.0/toolchains/rv32imac_zicsr_zifencei_multilib_b_ext-win"
[17:44:52][Info] "HPM_SDK_BASE: D:/work/sdk_env_v1.11.0/hpm_sdk"
[17:44:52][Info] "NINJA: D:/work/sdk_env_v1.11.0/tools/ninja"
[17:44:52][Info] "OPENOCD: D:/work/sdk_env_v1.11.0/tools/openocd"
[17:44:52][Info] "PYTHON3: D:/work/sdk_env_v1.11.0/tools/python3"
[17:44:52][Info] "*************** ENVIRONMENT VARIABLES ***************"
[17:44:52][Info] "GNURISCV_TOOLCHAIN_PATH: D:/work/sdk_env_v1.11.0/toolchains/rv32imac_zicsr_zifencei_multilib_b_ext-win"
[17:44:52][Info] "HPM_SDK_BASE: D:/work/sdk_env_v1.11.0/hpm_sdk"
[17:44:52][Info] "HPM_SDK_TOOLCHAIN_VARIANT: gcc"
[17:44:52][Info] "BOARD: hpm6e00evk"
[17:44:52][Info] "D:/work/sdk_env_v1.11.0/cmd_params.yaml is updated!"
[17:44:52][Info] "HPM BUILD TYPE: flash_xip CMAKE BUILD TYPE: debug"
[17:44:52][Info] "BUILD DIR: D:/work/sdk_env_v1.11.0/hpm_sdk/samples/ethercat/ecat_cia402/hpm6e00evk_flash_xip_debug"
[17:44:52][Info] "Execute: cmake.exe -GNinja -DBOARD=hpm6e00evk -DHPM_BUILD_TYPE=flash_xip -DCMAKE_BUILD_TYPE=debug -B D:/work/sdk_env_v1.11.0/hpm_sdk/samples/ethercat/ecat_cia402/hpm6e00evk_flash_xip_debug D:/work/sdk_env_v1.11.0/hpm_sdk/samples/ethercat/ecat_cia402"
[17:44:52][Info] "Reset working directory!"
[17:44:52][Info] "************************* Execute Start! *************************"
[17:44:52][Info] "-- Application: D:/work/sdk_env_v1.11.0/hpm_sdk/samples/ethercat/ecat_cia402\n"
[17:44:52][Info] "-- Board: hpm6e00evk from D:/work/sdk_env_v1.11.0/hpm_sdk/boards\n"
[17:44:52][Info] "-- Found toolchain: gnu (D:/work/sdk_env_v1.11.0/toolchains/rv32imac_zicsr_zifencei_multilib_b_ext-win)\n"
[17:44:52][Info] "-- hpm_sdk: 1.11.0 (D:/work/sdk_env_v1.11.0/hpm_sdk)\n"
[17:44:53][Info] "-- The C compiler identification is GNU 13.2.0\n"
[17:44:54][Info] "-- The CXX compiler identification is GNU 13.2.0\n"
[17:44:54][Info] "-- The ASM compiler identification is GNU\n"
[17:44:54][Info] "-- Found assembler: D:/work/sdk_env_v1.11.0/toolchains/rv32imac_zicsr_zifencei_multilib_b_ext-win/bin/riscv32-unknown-elf-gcc.exe\n"
[17:44:54][Info] "-- GNU ld linker script: D:/work/sdk_env_v1.11.0/hpm_sdk/soc/HPM6E00/HPM6E80/toolchains/gcc/flash_xip.ld\n"
[17:44:54][Info] "-- IAR linker script: D:/work/sdk_env_v1.11.0/hpm_sdk/soc/HPM6E00/HPM6E80/toolchains/iar/flash_xip.icf\n"
[17:44:54][Info] "-- IAR device name: HPM6E80xVMx\n"
[17:44:54][Info] "-- IAR Embedded Workbench Project: D:/work/sdk_env_v1.11.0/hpm_sdk/samples/ethercat/ecat_cia402/hpm6e00evk_flash_xip_debug/iar_embedded_workbench\\ecat_cia402.ewp\r\n"
[17:44:55][Info] "-- Segger linker script: D:/work/sdk_env_v1.11.0/hpm_sdk/soc/HPM6E00/HPM6E80/toolchains/segger/flash_xip.icf\n-- Segger device name: HPM6E80xVMx\n"
[17:44:55][Info] "-- Segger openocd board config: $(ProjectDir)/../../../../../boards/openocd/boards/hpm6e00evk.cfg\r\n-- Segger Embedded Studio Project: D:/work/sdk_env_v1.11.0/hpm_sdk/samples/ethercat/ecat_cia402/hpm6e00evk_flash_xip_debug/segger_embedded_studio/ecat_cia402.emProject\r\n-- Configuring done\n"
[17:44:55][Info] "-- Generating done\n"
[17:44:55][Info] "-- Build files have been written to: D:/work/sdk_env_v1.11.0/hpm_sdk/samples/ethercat/ecat_cia402/hpm6e00evk_flash_xip_debug\n"
[17:44:55][Info] "Project IDE Path: D:/work/sdk_env_v1.11.0/hpm_sdk/samples/ethercat/ecat_cia402/hpm6e00evk_flash_xip_debug/segger_embedded_studio/ecat_cia402.emProject"
[17:44:55][Info] "************************* Execute End! *************************"
[17:44:57][Info] "Open Build Directory: D:/work/sdk_env_v1.11.0/hpm_sdk/samples/ethercat/ecat_cia402/hpm6e00evk_flash_xip_debug"
[17:48:36][Info] "Build DIR: D:/work/sdk_env_v1.11.0/hpm_sdk/samples/ethercat/ecat_cia402/hpm6e00evk_flash_xip_debug"
[17:48:36][Info] "*************** OPTIONS ***************"
[17:48:36][Info] "D:/work/sdk_env_v1.11.0/cmd_params.yaml is updated!"
[17:48:36][Info] "SAMPLE: D:/work/sdk_env_v1.11.0/hpm_sdk/samples/ethercat/ecat_cia402"
[17:48:36][Info] "Get the newest parameters..."
[17:48:36][Info] "*************** PATH ***************"
[17:48:36][Info] "CMAKE: D:/work/sdk_env_v1.11.0/tools/cmake"
[17:48:36][Info] "GNURISCV_TOOLCHAIN_PATH: D:/work/sdk_env_v1.11.0/toolchains/rv32imac_zicsr_zifencei_multilib_b_ext-win"
[17:48:36][Info] "HPM_SDK_BASE: D:/work/sdk_env_v1.11.0/hpm_sdk"
[17:48:36][Info] "NINJA: D:/work/sdk_env_v1.11.0/tools/ninja"
[17:48:36][Info] "OPENOCD: D:/work/sdk_env_v1.11.0/tools/openocd"
[17:48:36][Info] "PYTHON3: D:/work/sdk_env_v1.11.0/tools/python3"
[17:48:36][Info] "*************** ENVIRONMENT VARIABLES ***************"
[17:48:36][Info] "GNURISCV_TOOLCHAIN_PATH: D:/work/sdk_env_v1.11.0/toolchains/rv32imac_zicsr_zifencei_multilib_b_ext-win"
[17:48:36][Info] "HPM_SDK_BASE: D:/work/sdk_env_v1.11.0/hpm_sdk"
[17:48:36][Info] "HPM_SDK_TOOLCHAIN_VARIANT: gcc"
[17:48:36][Info] "BOARD: hpm6e00evk"
[17:48:36][Info] "D:/work/sdk_env_v1.11.0/cmd_params.yaml is updated!"
[17:48:36][Info] "HPM BUILD TYPE: flash_xip CMAKE BUILD TYPE: debug"
[17:48:36][Info] "BUILD DIR: D:/work/sdk_env_v1.11.0/hpm_sdk/samples/ethercat/ecat_cia402/hpm6e00evk_flash_xip_debug"
[17:48:36][Info] "Execute: cmake.exe -GNinja -DBOARD=hpm6e00evk -DHPM_BUILD_TYPE=flash_xip -DCMAKE_BUILD_TYPE=debug -B D:/work/sdk_env_v1.11.0/hpm_sdk/samples/ethercat/ecat_cia402/hpm6e00evk_flash_xip_debug D:/work/sdk_env_v1.11.0/hpm_sdk/samples/ethercat/ecat_cia402"
[17:48:36][Info] "Reset working directory!"
[17:48:36][Info] "************************* Execute Start! *************************"
[17:48:36][Info] "-- Application: D:/work/sdk_env_v1.11.0/hpm_sdk/samples/ethercat/ecat_cia402\n-- Board: hpm6e00evk from D:/work/sdk_env_v1.11.0/hpm_sdk/boards\n"
[17:48:36][Info] "-- Found toolchain: gnu (D:/work/sdk_env_v1.11.0/toolchains/rv32imac_zicsr_zifencei_multilib_b_ext-win)\n"
[17:48:36][Info] "-- hpm_sdk: 1.11.0 (D:/work/sdk_env_v1.11.0/hpm_sdk)\n"
[17:48:37][Info] "-- The C compiler identification is GNU 13.2.0\n"
[17:48:37][Info] "-- The CXX compiler identification is GNU 13.2.0\n"
[17:48:38][Info] "-- The ASM compiler identification is GNU\n"
[17:48:38][Info] "-- Found assembler: D:/work/sdk_env_v1.11.0/toolchains/rv32imac_zicsr_zifencei_multilib_b_ext-win/bin/riscv32-unknown-elf-gcc.exe\n"
[17:48:38][Info] "-- GNU ld linker script: D:/work/sdk_env_v1.11.0/hpm_sdk/soc/HPM6E00/HPM6E80/toolchains/gcc/flash_xip.ld\n"
[17:48:38][Info] "-- IAR linker script: D:/work/sdk_env_v1.11.0/hpm_sdk/soc/HPM6E00/HPM6E80/toolchains/iar/flash_xip.icf\n"
[17:48:38][Info] "-- IAR device name: HPM6E80xVMx\n"
[17:48:38][Info] "-- IAR Embedded Workbench Project: D:/work/sdk_env_v1.11.0/hpm_sdk/samples/ethercat/ecat_cia402/hpm6e00evk_flash_xip_debug/iar_embedded_workbench\\ecat_cia402.ewp\r\n"
[17:48:38][Info] "-- Segger linker script: D:/work/sdk_env_v1.11.0/hpm_sdk/soc/HPM6E00/HPM6E80/toolchains/segger/flash_xip.icf\n-- Segger device name: HPM6E80xVMx\n"
[17:48:39][Info] "-- Segger openocd board config: $(ProjectDir)/../../../../../boards/openocd/boards/hpm6e00evk.cfg\r\n-- Segger Embedded Studio Project: D:/work/sdk_env_v1.11.0/hpm_sdk/samples/ethercat/ecat_cia402/hpm6e00evk_flash_xip_debug/segger_embedded_studio/ecat_cia402.emProject\r\n-- Configuring done\n"
[17:48:39][Info] "-- Generating done\n"
[17:48:39][Info] "-- Build files have been written to: D:/work/sdk_env_v1.11.0/hpm_sdk/samples/ethercat/ecat_cia402/hpm6e00evk_flash_xip_debug\n"
[17:48:39][Info] "Project IDE Path: D:/work/sdk_env_v1.11.0/hpm_sdk/samples/ethercat/ecat_cia402/hpm6e00evk_flash_xip_debug/segger_embedded_studio/ecat_cia402.emProject"
[17:48:39][Info] "************************* Execute End! *************************"
[18:04:06][Info] "Build DIR: D:/work/sdk_env_v1.11.0/hpm_sdk/samples/ethercat/ecat_cia402/hpm6e00evk_flash_xip_debug"
[18:04:06][Info] "*************** OPTIONS ***************"
[18:04:06][Info] "D:/work/sdk_env_v1.11.0/cmd_params.yaml is updated!"
[18:04:06][Info] "SAMPLE: D:/work/sdk_env_v1.11.0/hpm_sdk/samples/ethercat/ecat_cia402"
[18:04:06][Info] "Get the newest parameters..."
[18:04:06][Info] "*************** PATH ***************"
[18:04:06][Info] "CMAKE: D:/work/sdk_env_v1.11.0/tools/cmake"
[18:04:06][Info] "GNURISCV_TOOLCHAIN_PATH: D:/work/sdk_env_v1.11.0/toolchains/rv32imac_zicsr_zifencei_multilib_b_ext-win"
[18:04:06][Info] "HPM_SDK_BASE: D:/work/sdk_env_v1.11.0/hpm_sdk"
[18:04:06][Info] "NINJA: D:/work/sdk_env_v1.11.0/tools/ninja"
[18:04:06][Info] "OPENOCD: D:/work/sdk_env_v1.11.0/tools/openocd"
[18:04:06][Info] "PYTHON3: D:/work/sdk_env_v1.11.0/tools/python3"
[18:04:06][Info] "*************** ENVIRONMENT VARIABLES ***************"
[18:04:06][Info] "GNURISCV_TOOLCHAIN_PATH: D:/work/sdk_env_v1.11.0/toolchains/rv32imac_zicsr_zifencei_multilib_b_ext-win"
[18:04:06][Info] "HPM_SDK_BASE: D:/work/sdk_env_v1.11.0/hpm_sdk"
[18:04:06][Info] "HPM_SDK_TOOLCHAIN_VARIANT: gcc"
[18:04:06][Info] "BOARD: hpm6e00evk"
[18:04:06][Info] "D:/work/sdk_env_v1.11.0/cmd_params.yaml is updated!"
[18:04:06][Info] "HPM BUILD TYPE: flash_xip CMAKE BUILD TYPE: debug"
[18:04:06][Info] "BUILD DIR: D:/work/sdk_env_v1.11.0/hpm_sdk/samples/ethercat/ecat_cia402/hpm6e00evk_flash_xip_debug"
[18:04:06][Info] "Execute: cmake.exe -GNinja -DBOARD=hpm6e00evk -DHPM_BUILD_TYPE=flash_xip -DCMAKE_BUILD_TYPE=debug -B D:/work/sdk_env_v1.11.0/hpm_sdk/samples/ethercat/ecat_cia402/hpm6e00evk_flash_xip_debug D:/work/sdk_env_v1.11.0/hpm_sdk/samples/ethercat/ecat_cia402"
[18:04:06][Info] "Reset working directory!"
[18:04:06][Info] "************************* Execute Start! *************************"
[18:04:06][Info] "-- Application: D:/work/sdk_env_v1.11.0/hpm_sdk/samples/ethercat/ecat_cia402\n-- Board: hpm6e00evk from D:/work/sdk_env_v1.11.0/hpm_sdk/boards\n"
[18:04:06][Info] "-- Found toolchain: gnu (D:/work/sdk_env_v1.11.0/toolchains/rv32imac_zicsr_zifencei_multilib_b_ext-win)\n"
[18:04:06][Info] "-- hpm_sdk: 1.11.0 (D:/work/sdk_env_v1.11.0/hpm_sdk)\n"
[18:04:07][Info] "-- The C compiler identification is GNU 13.2.0\n"
[18:04:07][Info] "-- The CXX compiler identification is GNU 13.2.0\n"
[18:04:07][Info] "-- The ASM compiler identification is GNU\n-- Found assembler: D:/work/sdk_env_v1.11.0/toolchains/rv32imac_zicsr_zifencei_multilib_b_ext-win/bin/riscv32-unknown-elf-gcc.exe\n"
[18:04:08][Info] "-- GNU ld linker script: D:/work/sdk_env_v1.11.0/hpm_sdk/soc/HPM6E00/HPM6E80/toolchains/gcc/flash_xip.ld\n"
[18:04:08][Info] "-- IAR linker script: D:/work/sdk_env_v1.11.0/hpm_sdk/soc/HPM6E00/HPM6E80/toolchains/iar/flash_xip.icf\n-- IAR device name: HPM6E80xVMx\n"
[18:04:08][Info] "-- IAR Embedded Workbench Project: D:/work/sdk_env_v1.11.0/hpm_sdk/samples/ethercat/ecat_cia402/hpm6e00evk_flash_xip_debug/iar_embedded_workbench\\ecat_cia402.ewp\r\n"
[18:04:09][Info] "-- Segger linker script: D:/work/sdk_env_v1.11.0/hpm_sdk/soc/HPM6E00/HPM6E80/toolchains/segger/flash_xip.icf\n-- Segger device name: HPM6E80xVMx\n"
[18:04:09][Info] "-- Segger openocd board config: $(ProjectDir)/../../../../../boards/openocd/boards/hpm6e00evk.cfg\r\n-- Segger Embedded Studio Project: D:/work/sdk_env_v1.11.0/hpm_sdk/samples/ethercat/ecat_cia402/hpm6e00evk_flash_xip_debug/segger_embedded_studio/ecat_cia402.emProject\r\n-- Configuring done\n"
[18:04:09][Info] "-- Generating done\n"
[18:04:09][Info] "-- Build files have been written to: D:/work/sdk_env_v1.11.0/hpm_sdk/samples/ethercat/ecat_cia402/hpm6e00evk_flash_xip_debug\n"
[18:04:09][Info] "Project IDE Path: D:/work/sdk_env_v1.11.0/hpm_sdk/samples/ethercat/ecat_cia402/hpm6e00evk_flash_xip_debug/segger_embedded_studio/ecat_cia402.emProject"
[18:04:09][Info] "************************* Execute End! *************************"
[18:05:54][Info] "Open Project: D:/work/sdk_env_v1.11.0/hpm_sdk/samples/ethercat/ecat_cia402/hpm6e00evk_flash_xip_debug/segger_embedded_studio/ecat_cia402.emProject"
[18:10:15][Info] "Open Build Directory: D:/work/sdk_env_v1.11.0/hpm_sdk/samples/ethercat/ecat_cia402/hpm6e00evk_flash_xip_debug"
