[13:12:11][Warning] QCssParser::parseColorValue: Specified color with alpha value but no alpha given: 'rgba 80,80,80'
[13:12:11][Info] "cmd_params.yaml已找到！准备解析yaml..."
[13:12:11][Info] "HPM_SDK_BASE: D:/work/sdk_env_v1.11.0/hpm_sdk"
[13:12:11][Info] "更新并检测 HPM_SDK 目录： D:/work/sdk_env_v1.11.0/hpm_sdk"
[13:12:11][Info] "D:/work/sdk_env_v1.11.0/hpm_sdk/boards"
[13:12:11][Info] "D:/work/sdk_env_v1.11.0/hpm_sdk/boards/extension"
[13:12:11][Info] "D:/work/sdk_env_v1.11.0/hpm_sdk/boards/hpm5300evk"
[13:12:11][Info] "D:/work/sdk_env_v1.11.0/hpm_sdk/boards/hpm5301evklite"
[13:12:11][Info] "D:/work/sdk_env_v1.11.0/hpm_sdk/boards/hpm5e00evk"
[13:12:11][Info] "D:/work/sdk_env_v1.11.0/hpm_sdk/boards/hpm6200evk"
[13:12:11][Info] "D:/work/sdk_env_v1.11.0/hpm_sdk/boards/hpm6300evk"
[13:12:11][Info] "D:/work/sdk_env_v1.11.0/hpm_sdk/boards/hpm6750evk2"
[13:12:11][Info] "D:/work/sdk_env_v1.11.0/hpm_sdk/boards/hpm6750evkmini"
[13:12:11][Info] "D:/work/sdk_env_v1.11.0/hpm_sdk/boards/hpm6800evk"
[13:12:11][Info] "D:/work/sdk_env_v1.11.0/hpm_sdk/boards/hpm6e00evk"
[13:12:11][Info] "D:/work/sdk_env_v1.11.0/hpm_sdk/boards/hpm6p00evk"
[13:12:11][Info] "D:/work/sdk_env_v1.11.0/hpm_sdk/boards/openocd"
[13:12:11][Info] "当前SoC： HPM6E80"
[13:12:11][Info] "board feature: [board_wkup_pin, board_mtg, board_tsw_phy, board_audio_out, board_puart_pin, board_sei, board_gpt_pin, board_usb_otg, board_sdram, board_eeprom_i2c, board_pwm_rgb_led, board_enet_pps_output_pin, board_motor_control, board_enet_phy, board_audio_codec, board_audio_in, board_enet_pps_input_pin, board_qei]"
[13:12:11][Info] "board excluded samples: []"
[13:12:11][Info] "on-board-ram: sdram"
[13:12:11][Info] "on-board-flash: qspi-nor-flash"
[13:12:12][Info] "总示例被过滤。示例总数为 339"
[13:12:12][Info] "项目IDE路径： D:/work/sdk_env_v1.11.0/hpm_sdk/samples/motor_ctrl/bldc_foc/hpm6e00evk_flash_xip_debug/segger_embedded_studio/bldc_foc.emProject"
[13:12:12][Info] "Build type被过滤！Build type总数为 4"
[13:12:12][Info] "GNURISCV_TOOLCHAIN_PATH: D:/work/sdk_env_v1.11.0/toolchains/rv32imac_zicsr_zifencei_multilib_b_ext-win"
[13:12:12][Info] "CMAKE: D:/work/sdk_env_v1.11.0/tools/cmake"
[13:12:12][Info] "NINJA: D:/work/sdk_env_v1.11.0/tools/ninja"
[13:12:12][Info] "OPENOCD: D:/work/sdk_env_v1.11.0/tools/openocd"
[13:12:12][Info] "PYTHON3: D:/work/sdk_env_v1.11.0/tools/python3"
[13:12:12][Info] "Yaml文件解析完成！"
[13:12:12][Info] "Current SoC: HPM6E80"
[13:12:12][Info] "board feature: [board_wkup_pin, board_mtg, board_tsw_phy, board_audio_out, board_puart_pin, board_sei, board_gpt_pin, board_usb_otg, board_sdram, board_eeprom_i2c, board_pwm_rgb_led, board_enet_pps_output_pin, board_motor_control, board_enet_phy, board_audio_codec, board_audio_in, board_enet_pps_input_pin, board_qei]"
[13:12:12][Info] "board excluded samples: []"
[13:12:12][Info] "on-board-ram: sdram"
[13:12:12][Info] "on-board-flash: qspi-nor-flash"
[13:12:12][Info] "Samples have been filtered. The sum of sample is 339"
[13:12:12][Info] "Build type is filted! The sum of build type is 4"
[13:12:12][Info] "Yaml file parse finished!"
[13:12:12][Info] "************************* Run Preset Script Start! *************************"
[13:12:12][Info] "SDK_ENV D:\\work\\sdk_env_v1.11.0\r\nHPM_SDK_BASE D:\\work\\sdk_env_v1.11.0\\hpm_sdk\r\n+-+-+-+-+-+-+-+-+-+-+-+-+-+-+-+\r\n|     HPMicro SDK Env Tool    |\r\n+-+-+-+-+-+-+-+-+-+-+-+-+-+-+-+\r\n\r\n- INFO: Long path support has been enabled\r\n- INFO: openocd config file has been copied to C:\\Users\\claudia\\AppData\\Roaming from D:\\work\\sdk_env_v1.11.0\\hpm_sdk\\boards\\openocd\r\n- INFO: openocd config file copied to C:\\Users\\claudia\\AppData\\Roaming from tools\\openocd\\tcl\r\n\r\n"
[13:12:12][Info] ""
[13:12:12][Info] ""
[13:12:12][Info] ""
[13:12:12][Info] ""
[13:12:12][Info] ""
[13:12:12][Info] "************************* Run Preset Script End! *************************"
[13:12:19][Info] "Open Project: D:/work/sdk_env_v1.11.0/hpm_sdk/samples/motor_ctrl/bldc_foc/hpm6e00evk_flash_xip_debug/segger_embedded_studio/bldc_foc.emProject"
