[09:18:18][Warning] QCssParser::parseColorValue: Specified color with alpha value but no alpha given: 'rgba 80,80,80'
[09:18:19][Info] "cmd_params.yaml已找到！准备解析yaml..."
[09:18:19][Info] "HPM_SDK_BASE: D:/work/sdk_env_v1.11.0/hpm_sdk"
[09:18:19][Info] "更新并检测 HPM_SDK 目录： D:/work/sdk_env_v1.11.0/hpm_sdk"
[09:18:19][Info] "D:/work/sdk_env_v1.11.0/hpm_sdk/boards"
[09:18:19][Info] "D:/work/sdk_env_v1.11.0/hpm_sdk/boards/extension"
[09:18:19][Info] "D:/work/sdk_env_v1.11.0/hpm_sdk/boards/hpm5300evk"
[09:18:19][Info] "D:/work/sdk_env_v1.11.0/hpm_sdk/boards/hpm5301evklite"
[09:18:19][Info] "D:/work/sdk_env_v1.11.0/hpm_sdk/boards/hpm5e00evk"
[09:18:19][Info] "D:/work/sdk_env_v1.11.0/hpm_sdk/boards/hpm6200evk"
[09:18:19][Info] "D:/work/sdk_env_v1.11.0/hpm_sdk/boards/hpm6300evk"
[09:18:19][Info] "D:/work/sdk_env_v1.11.0/hpm_sdk/boards/hpm6750evk2"
[09:18:19][Info] "D:/work/sdk_env_v1.11.0/hpm_sdk/boards/hpm6750evkmini"
[09:18:19][Info] "D:/work/sdk_env_v1.11.0/hpm_sdk/boards/hpm6800evk"
[09:18:19][Info] "D:/work/sdk_env_v1.11.0/hpm_sdk/boards/hpm6e00evk"
[09:18:19][Info] "D:/work/sdk_env_v1.11.0/hpm_sdk/boards/hpm6p00evk"
[09:18:19][Info] "D:/work/sdk_env_v1.11.0/hpm_sdk/boards/openocd"
[09:18:19][Info] "当前SoC： HPM6E80"
[09:18:19][Info] "board feature: [board_qei, board_eeprom_i2c, board_audio_codec, board_sei, board_audio_in, board_mtg, board_sdram, board_tsw_phy, board_motor_control, board_enet_phy, board_gpt_pin, board_audio_out, board_enet_pps_output_pin, board_usb_otg, board_puart_pin, board_pwm_rgb_led, board_wkup_pin, board_enet_pps_input_pin]"
[09:18:19][Info] "board excluded samples: []"
[09:18:19][Info] "on-board-ram: sdram"
[09:18:19][Info] "on-board-flash: qspi-nor-flash"
[09:18:19][Info] "总示例被过滤。示例总数为 339"
[09:18:19][Info] "项目IDE路径： D:/work/sdk_env_v1.11.0/hpm_sdk/samples/motor_ctrl/bldc_foc/hpm6e00evk_flash_xip_debug/segger_embedded_studio/bldc_foc.emProject"
[09:18:19][Info] "Build type被过滤！Build type总数为 4"
[09:18:19][Info] "GNURISCV_TOOLCHAIN_PATH: D:/work/sdk_env_v1.11.0/toolchains/rv32imac_zicsr_zifencei_multilib_b_ext-win"
[09:18:19][Info] "CMAKE: D:/work/sdk_env_v1.11.0/tools/cmake"
[09:18:19][Info] "NINJA: D:/work/sdk_env_v1.11.0/tools/ninja"
[09:18:19][Info] "OPENOCD: D:/work/sdk_env_v1.11.0/tools/openocd"
[09:18:19][Info] "PYTHON3: D:/work/sdk_env_v1.11.0/tools/python3"
[09:18:19][Info] "Yaml文件解析完成！"
[09:18:19][Info] "Current SoC: HPM6E80"
[09:18:19][Info] "board feature: [board_qei, board_eeprom_i2c, board_audio_codec, board_sei, board_audio_in, board_mtg, board_sdram, board_tsw_phy, board_motor_control, board_enet_phy, board_gpt_pin, board_audio_out, board_enet_pps_output_pin, board_usb_otg, board_puart_pin, board_pwm_rgb_led, board_wkup_pin, board_enet_pps_input_pin]"
[09:18:19][Info] "board excluded samples: []"
[09:18:19][Info] "on-board-ram: sdram"
[09:18:19][Info] "on-board-flash: qspi-nor-flash"
[09:18:19][Info] "Samples have been filtered. The sum of sample is 339"
[09:18:19][Info] "Build type is filted! The sum of build type is 4"
[09:18:19][Info] "Yaml file parse finished!"
[09:18:20][Info] "************************* Run Preset Script Start! *************************"
[09:18:23][Info] "Open Build Directory: D:/work/sdk_env_v1.11.0/hpm_sdk/samples/motor_ctrl/bldc_foc/hpm6e00evk_flash_xip_debug"
[09:18:26][Info] "SDK_ENV D:\\work\\sdk_env_v1.11.0\r\nHPM_SDK_BASE D:\\work\\sdk_env_v1.11.0\\hpm_sdk\r\n+-+-+-+-+-+-+-+-+-+-+-+-+-+-+-+\r\n|     HPMicro SDK Env Tool    |\r\n+-+-+-+-+-+-+-+-+-+-+-+-+-+-+-+\r\n\r\n- INFO: Long path support has been enabled\r\n"
[09:18:26][Info] ""
[09:18:26][Info] ""
[09:18:26][Info] "- INFO: openocd config file has been copied to C:\\Users\\claudia\\AppData\\Roaming from D:\\work\\sdk_env_v1.11.0\\hpm_sdk\\boards\\openocd\r\n"
[09:18:26][Info] "- INFO: openocd config file copied to C:\\Users\\claudia\\AppData\\Roaming from tools\\openocd\\tcl\r\n\r\n"
[09:18:26][Info] "************************* Run Preset Script End! *************************"
[09:19:43][Info] "Project IDE Path: D:/work/sdk_env_v1.11.0/hpm_sdk/samples/ethercat/ecat_cia402/hpm6e00evk_flash_xip_debug/segger_embedded_studio/ecat_cia402.emProject"
[09:19:43][Info] "Build type is filted! The sum of build type is 3"
[09:19:46][Info] "Open Build Directory: D:/work/sdk_env_v1.11.0/hpm_sdk/samples/ethercat/ecat_cia402/hpm6e00evk_flash_xip_debug"
